Order model initialized
Order model initialized
Order model initialized
Order model initialized
Order model initialized
Order model initialized
Order model initialized
Order model initialized
Order model initialized
Order model initialized
Order model initialized
Order model initialized
Order model initialized
Order model initialized
Order model initialized
createOrder called for customer 5
Order inserted with ID 8
Stock reduced for product 1 by 31
Stock reduced for product 3 by 1
Stock reduced for product 4 by 1
Stock reduced for product 7 by 1
Stock reduced for product 8 by 1
Order model initialized
Order model initialized
Order model initialized
Order model initialized
Order model initialized
Order model initialized
Order model initialized
createOrder called for customer 5
Order inserted with ID 9
Stock reduced for product 8 by 30
Order model initialized
Order model initialized
Order model initialized
Order model initialized
Order model initialized
Order model initialized
Order model initialized
Order model initialized
createOrder called for customer 5
Order inserted with ID 10
Stock reduced for product 3 by 27
Order model initialized
Order model initialized
Order model initialized
Order model initialized
Order model initialized
Order model initialized
Order model initialized
Order model initialized
Order model initialized
Order model initialized
Order model initialized
Order model initialized
Order model initialized
createOrder called for customer 5
Order model initialized
Order model initialized
Order model initialized
Order model initialized
Order model initialized
createOrder called for customer 5
Order inserted with ID 1
Stock reduced for product 2 by 1
Stock reduced for product 3 by 1
Stock reduced for product 4 by 1
Order model initialized
Order model initialized
Order model initialized
Order model initialized
Order model initialized
Order model initialized
Order model initialized
Order model initialized
Order model initialized
Order model initialized
Order model initialized
Order model initialized
createOrder called for customer 5
Order inserted with ID 2
Stock reduced for product 2 by 1
Stock reduced for product 3 by 1
Stock reduced for product 6 by 1
Stock reduced for product 7 by 1
Stock reduced for product 8 by 2
Order model initialized
Order model initialized
Order model initialized
Order model initialized
Order model initialized
Order model initialized
Order model initialized
Order model initialized
Order model initialized
Order model initialized
Order model initialized
Order model initialized
Order model initialized
Order model initialized
Order model initialized
Order model initialized
Order model initialized
Order model initialized
Order model initialized
Order model initialized
Order model initialized
Order model initialized
Order model initialized
Order model initialized
Order model initialized
Order model initialized
Order model initialized
Order model initialized
Order model initialized
Order model initialized
Order model initialized
Order model initialized
Order model initialized
Order model initialized
Order model initialized
Order model initialized
Order model initialized
Order model initialized
Order model initialized
Order model initialized
Order model initialized
Order model initialized
Order model initialized
Order model initialized
Order model initialized
Order model initialized
Order model initialized
Order model initialized
Order model initialized
Order model initialized
Order model initialized
Order model initialized
Order model initialized
Order model initialized
Order model initialized
Order model initialized
Order model initialized
Order model initialized
Order model initialized
Order model initialized
Order model initialized
Order model initialized
Order model initialized
Order model initialized
Order model initialized
Order model initialized
Order model initialized
Order model initialized
Order model initialized
createOrder called for customer 5
Order inserted with ID 3
Stock reduced for product 2 by 1
Stock reduced for product 3 by 1
Stock reduced for product 4 by 1
Stock reduced for product 8 by 1
Order model initialized
Order model initialized
Order model initialized
Order model initialized
Order model initialized
Order model initialized
Order model initialized
Order model initialized
Order model initialized
Order model initialized
Order model initialized
Order model initialized
Order model initialized
Order model initialized
Order model initialized
Order model initialized
Order model initialized
Order model initialized
Order model initialized
Order model initialized
Order model initialized
Order model initialized
Order model initialized
Order model initialized
Order model initialized
Order model initialized
Order model initialized
Order model initialized
Order model initialized
Order model initialized
createOrder called for customer 5
Order inserted with ID 4
Stock reduced for product 2 by 12
Order model initialized
Order model initialized
Order model initialized
Order model initialized
Order model initialized
Order model initialized
Order model initialized
Order model initialized
Order model initialized
Order model initialized
Order model initialized
Order model initialized
Order model initialized
Order model initialized
Order model initialized
Order model initialized
Order model initialized
Order model initialized
Order model initialized
Order model initialized
Order model initialized
Order model initialized
Order model initialized
Order model initialized
Order model initialized
Order model initialized
Order model initialized
Order model initialized
Order model initialized
Order model initialized
Order model initialized
Order model initialized
Order model initialized
Order model initialized
Order model initialized
Order model initialized
Order model initialized
Order model initialized
Order model initialized
Order model initialized
Order model initialized
Order model initialized
Order model initialized
Order model initialized
Order model initialized
Order model initialized
Order model initialized
Order model initialized
Order model initialized
Order model initialized
Order model initialized
Order model initialized
Order model initialized
Order model initialized
Order model initialized
Order model initialized
Order model initialized
Order model initialized
Order model initialized
Order model initialized
Order model initialized
Order model initialized
Order model initialized
Order model initialized
Order model initialized
Order model initialized
Order model initialized
Order model initialized
Order model initialized
Order model initialized
Order model initialized
Order model initialized
Order model initialized
Order model initialized
Order model initialized
Order model initialized
Order model initialized
Order model initialized
Order model initialized
Order model initialized
Order model initialized
Order model initialized
Order model initialized
Order model initialized
Order model initialized
Order model initialized
Order model initialized
Order model initialized
Order model initialized
Order model initialized
Order model initialized
Order model initialized
Order model initialized
Order model initialized
Order model initialized
Order model initialized
Order model initialized
Order model initialized
Order model initialized
Order model initialized
Order model initialized
Order model initialized
Order model initialized
Order model initialized
Order model initialized
Order model initialized
Order model initialized
Order model initialized
Order model initialized
Order model initialized
Order model initialized
Order model initialized
Order model initialized
Order model initialized
Order model initialized
Order model initialized
Order model initialized
Order model initialized
Order model initialized
Order model initialized
Order model initialized
Order model initialized
Order model initialized
Order model initialized
Order model initialized
Order model initialized
Order model initialized
Order model initialized
Order model initialized
Order model initialized
Order model initialized
Order model initialized
Order model initialized
Order model initialized
Order model initialized
Order model initialized
Order model initialized
Order model initialized
Order model initialized
Order model initialized
Order model initialized
Order model initialized
Order model initialized
Order model initialized
Order model initialized
Order model initialized
Order model initialized
Order model initialized
Order model initialized
Order model initialized
Order model initialized
Order model initialized
Order model initialized
Order model initialized
Order model initialized
Order model initialized
Order model initialized
Order model initialized
Order model initialized
Order model initialized
Order model initialized
Order model initialized
Order model initialized
Order model initialized
Order model initialized
Order model initialized
Order model initialized
Order model initialized
Order model initialized
Order model initialized
Order model initialized
Order model initialized
Order model initialized
Order model initialized
Order model initialized
Order model initialized
Order model initialized
Order model initialized
Order model initialized
Order model initialized
Order model initialized
Order model initialized
Order model initialized
Order model initialized
Order model initialized
Order model initialized
Order model initialized
Order model initialized
Order model initialized
Order model initialized
Order model initialized
Order model initialized
Order model initialized
Order model initialized
Order model initialized
Order model initialized
Order model initialized
Order model initialized
Order model initialized
Order model initialized
Order model initialized
Order model initialized
Order model initialized
Order model initialized
Order model initialized
Order model initialized
Order model initialized
Order model initialized
Order model initialized
Order model initialized
Order model initialized
Order model initialized
Order model initialized
Order model initialized
Order model initialized
Order model initialized
Order model initialized
Order model initialized
Order model initialized
Order model initialized
Order model initialized
Order model initialized
Order model initialized
Order model initialized
Order model initialized
Order model initialized
Order model initialized
Order model initialized
Order model initialized
Order model initialized
Order model initialized
Order model initialized
Order model initialized
Order model initialized
Order model initialized
Order model initialized
createOrder called for customer 5
Order inserted with ID 5
Stock reduced for product 1 by 100
Order model initialized
Order model initialized
Order model initialized
Order model initialized
Order model initialized
Order model initialized
Order model initialized
Order model initialized
Order model initialized
Order model initialized
Order model initialized
Order model initialized
Order model initialized
Order model initialized
Order model initialized
Order model initialized
Order model initialized
Order model initialized
Order model initialized
Order model initialized
Order model initialized
Order model initialized
Order model initialized
Order model initialized
Order model initialized
Order model initialized
Order model initialized
Order model initialized
Order model initialized
Order model initialized
Order model initialized
Order model initialized
Order model initialized
Order model initialized
Order model initialized
Order model initialized
Order model initialized
Order model initialized
Order model initialized
Order model initialized
Order model initialized
Order model initialized
Order model initialized
Order model initialized
Order model initialized
Order model initialized
createOrder called for customer 5
Order inserted with ID 6
Stock reduced for product 3 by 10
Order model initialized
Order model initialized
Order model initialized
Order model initialized
Order model initialized
Order model initialized
Order model initialized
Order model initialized
Order model initialized
Order model initialized
Order model initialized
Order model initialized
Order model initialized
Order model initialized
Order model initialized
Order model initialized
Order model initialized
Order model initialized
Order model initialized
Order model initialized
Order model initialized
Order model initialized
Order model initialized
Order model initialized
Order model initialized
Order model initialized
Order model initialized
Order model initialized
Order model initialized
Order model initialized
Order model initialized
Order model initialized
Order model initialized
Order model initialized
Order model initialized
Order model initialized
Order model initialized
Order model initialized
Order model initialized
Order model initialized
Order model initialized
Order model initialized
Order model initialized
Order model initialized
Order model initialized
Order model initialized
Order model initialized
Order model initialized
Order model initialized
Order model initialized
Order model initialized
Order model initialized
Order model initialized
Order model initialized
Order model initialized
Order model initialized
Order model initialized
Order model initialized
Order model initialized
Order model initialized
Order model initialized
Order model initialized
Order model initialized
Order model initialized
Order model initialized
Order model initialized
Order model initialized
Order model initialized
Order model initialized
Order model initialized
Order model initialized
Order model initialized
Order model initialized
Order model initialized
Order model initialized
Order model initialized
Order model initialized
Order model initialized
Order model initialized
Order model initialized
Order model initialized
Order model initialized
Order model initialized
Order model initialized
Order model initialized
Order model initialized
Order model initialized
Order model initialized
createOrder called for customer 5
Order inserted with ID 7
Stock reduced for product 3 by 40
Stock reduced for product 5 by 50
Stock reduced for product 6 by 2
Stock reduced for product 7 by 37
Order model initialized
Order model initialized
Order model initialized
Order model initialized
Order model initialized
Order model initialized
Order model initialized
Order model initialized
Order model initialized
Order model initialized
Order model initialized
Order model initialized
Order model initialized
Order model initialized
Order model initialized
Order model initialized
Order model initialized
Order model initialized
Order model initialized
Order model initialized
Order model initialized
Order model initialized
Order model initialized
Order model initialized
Order model initialized
Order model initialized
Order model initialized
Order model initialized
Order model initialized
Order model initialized
Order model initialized
Order model initialized
Order model initialized
createOrder called for customer 5
Order inserted with ID 8
Stock reduced for product 3 by 1
Stock reduced for product 7 by 80
Order model initialized
Order model initialized
Order model initialized
Order model initialized
Order model initialized
Order model initialized
Order model initialized
Order model initialized
Order model initialized
Order model initialized
Order model initialized
Order model initialized
Order model initialized
Order model initialized
Order model initialized
Order model initialized
Order model initialized
Order model initialized
createOrder called for customer 5
Order inserted with ID 9
Order model initialized
Order model initialized
Order model initialized
Order model initialized
Order model initialized
Order model initialized
Order model initialized
Order model initialized
Order model initialized
Order model initialized
Order model initialized
Order model initialized
Order model initialized
createOrder called for customer 5
Order inserted with ID 10
Order model initialized
Order model initialized
Order model initialized
Order model initialized
Order model initialized
Order model initialized
Order model initialized
Order model initialized
Order model initialized
Order model initialized
Order model initialized
Order model initialized
Order model initialized
Order model initialized
Order model initialized
Order model initialized
Order model initialized
Order model initialized
Order model initialized
Order model initialized
Order model initialized
Order model initialized
Order model initialized
Order model initialized
Order model initialized
Order model initialized
Order model initialized
Order model initialized
Order model initialized
Order model initialized
Order model initialized
Order model initialized
Order model initialized
Order model initialized
Order model initialized
Order model initialized
Order model initialized
Order model initialized
Order model initialized
Order model initialized
Order model initialized
Order model initialized
Order model initialized
Order model initialized
Order model initialized
Order model initialized
Order model initialized
Order model initialized
Order model initialized
Order model initialized
Order model initialized
Order model initialized
Order model initialized
Order model initialized
Order model initialized
Order model initialized
Order model initialized
Order model initialized
Order model initialized
Order model initialized
Order model initialized
Order model initialized
Order model initialized
Order model initialized
Order model initialized
Order model initialized
Order model initialized
Order model initialized
Order model initialized
Order model initialized
Order model initialized
Order model initialized
Order model initialized
Order model initialized
Order model initialized
Order model initialized
Order model initialized
Order model initialized
Order model initialized
Order model initialized
Order model initialized
Order model initialized
Order model initialized
Order model initialized
Order model initialized
Order model initialized
Order model initialized
Order model initialized
Order model initialized
Order model initialized
Order model initialized
Order model initialized
Order model initialized
Order model initialized
Order model initialized
Order model initialized
Order model initialized
Order model initialized
Order model initialized
Order model initialized
Order model initialized
Order model initialized
Order model initialized
Order model initialized
Order model initialized
Order model initialized
Order model initialized
Order model initialized
Order model initialized
Order model initialized
Order model initialized
Order model initialized
Order model initialized
Order model initialized
Order model initialized
Order model initialized
Order model initialized
Order model initialized
Order model initialized
Order model initialized
Order model initialized
Order model initialized
Order model initialized
Order model initialized
Order model initialized
Order model initialized
Order model initialized
Order model initialized
Order model initialized
Order model initialized
Order model initialized
Order model initialized
Order model initialized
Order model initialized
Order model initialized
Order model initialized
Order model initialized
Order model initialized
Order model initialized
Order model initialized
Order model initialized
Order model initialized
Order model initialized
Order model initialized
Order model initialized
Order model initialized
Order model initialized
Order model initialized
Order model initialized
Order model initialized
Order model initialized
Order model initialized
Order model initialized
Order model initialized
Order model initialized
Order model initialized
Order model initialized
Order model initialized
Order model initialized
Order model initialized
Order model initialized
Order model initialized
Order model initialized
Order model initialized
Order model initialized
Order model initialized
Order model initialized
Order model initialized
Order model initialized
Order model initialized
Order model initialized
Order model initialized
Order model initialized
Order model initialized
Order model initialized
Order model initialized
Order model initialized
Order model initialized
Order model initialized
Order model initialized
Order model initialized
Order model initialized
Order model initialized
Order model initialized
Order model initialized
Order model initialized
Order model initialized
Order model initialized
Order model initialized
Order model initialized
Order model initialized
Order model initialized
Order model initialized
Order model initialized
Order model initialized
Order model initialized
Order model initialized
Order model initialized
Order model initialized
Order model initialized
Order model initialized
Order model initialized
Order model initialized
Order model initialized
Order model initialized
Order model initialized
Order model initialized
Order model initialized
Order model initialized
Order model initialized
Order model initialized
Order model initialized
Order model initialized
Order model initialized
Order model initialized
Order model initialized
Order model initialized
Order model initialized
Order model initialized
Order model initialized
Order model initialized
Order model initialized
Order model initialized
Order model initialized
Order model initialized
Order model initialized
Order model initialized
Order model initialized
Order model initialized
Order model initialized
Order model initialized
Order model initialized
Order model initialized
Order model initialized
Order model initialized
Order model initialized
Order model initialized
Order model initialized
Order model initialized
Order model initialized
Order model initialized
Order model initialized
Order model initialized
Order model initialized
Order model initialized
Order model initialized
Order model initialized
Order model initialized
Order model initialized
Order model initialized
Order model initialized
Order model initialized
Order model initialized
Order model initialized
Order model initialized
Order model initialized
Order model initialized
Order model initialized
Order model initialized
Order model initialized
Order model initialized
Order model initialized
Order model initialized
Order model initialized
Order model initialized
Order model initialized
Order model initialized
Order model initialized
Order model initialized
Order model initialized
Order model initialized
Order model initialized
Order model initialized
Order model initialized
Order model initialized
Order model initialized
Order model initialized
Order model initialized
Order model initialized
Order model initialized
Order model initialized
Order model initialized
Order model initialized
Order model initialized
Order model initialized
Order model initialized
Order model initialized
Order model initialized
Order model initialized
Order model initialized
Order model initialized
Order model initialized
Order model initialized
Order model initialized
Order model initialized
Order model initialized
Order model initialized
Order model initialized
Order model initialized
Order model initialized
Order model initialized
Order model initialized
Order model initialized
Order model initialized
createOrder called for customer 5
Order inserted with ID 11
Order model initialized
Order model initialized
Order model initialized
Order model initialized
Order model initialized
Order model initialized
Order model initialized
Order model initialized
Order model initialized
Order model initialized
Order model initialized
Order model initialized
createOrder called for customer 5
Order inserted with ID 12
Order model initialized
Order model initialized
Order model initialized
Order model initialized
Order model initialized
Order model initialized
Order model initialized
Order model initialized
Order model initialized
Order model initialized
Order model initialized
Order model initialized
Order model initialized
createOrder called for customer 5
Order inserted with ID 13
Order model initialized
Order model initialized
Order model initialized
Order model initialized
Order model initialized
Order model initialized
Order model initialized
Order model initialized
Order model initialized
Order model initialized
Order model initialized
Order model initialized
Order model initialized
Order model initialized
createOrder called for customer 5
Order inserted with ID 14
Order model initialized
Order model initialized
Order model initialized
Order model initialized
Order model initialized
Order model initialized
Order model initialized
Order model initialized
Order model initialized
Order model initialized
createOrder called for customer 5
Order inserted with ID 15
Order model initialized
Order model initialized
Order model initialized
Order model initialized
Order model initialized
Order model initialized
Order model initialized
Order model initialized
Order model initialized
Order model initialized
Order model initialized
Order model initialized
Order model initialized
Order model initialized
createOrder called for customer 5
Order inserted with ID 16
Order model initialized
Order model initialized
Order model initialized
Order model initialized
Order model initialized
Order model initialized
Order model initialized
Order model initialized
Order model initialized
Order model initialized
Order model initialized
Order model initialized
Order model initialized
Order model initialized
Order model initialized
Order model initialized
Order model initialized
Order model initialized
Order model initialized
Order model initialized
Order model initialized
Order model initialized
Order model initialized
createOrder called for customer 5
Order inserted with ID 17
Order model initialized
Order model initialized
Order model initialized
Order model initialized
Order model initialized
Order model initialized
Order model initialized
Order model initialized
Order model initialized
Order model initialized
createOrder called for customer 5
Order inserted with ID 18
Order model initialized
Order model initialized
Order model initialized
Order model initialized
Order model initialized
Order model initialized
Order model initialized
Order model initialized
Order model initialized
Order model initialized
Order model initialized
Order model initialized
Order model initialized
createOrder called for customer 5
Order inserted with ID 19
Order model initialized
Order model initialized
Order model initialized
Order model initialized
Order model initialized
Order model initialized
Order model initialized
Order model initialized
Order model initialized
Order model initialized
createOrder called for customer 5
Order inserted with ID 20
Order model initialized
Order model initialized
Order model initialized
Order model initialized
Order model initialized
Order model initialized
Order model initialized
Order model initialized
Order model initialized
createOrder called for customer 5
Order inserted with ID 21
Order model initialized
Order model initialized
Order model initialized
Order model initialized
Order model initialized
Order model initialized
Order model initialized
Order model initialized
Order model initialized
Order model initialized
createOrder called for customer 5
Order inserted with ID 22
Order model initialized
Order model initialized
Order model initialized
Order model initialized
Order model initialized
Order model initialized
Order model initialized
Order model initialized
Order model initialized
Order model initialized
createOrder called for customer 5
Order inserted with ID 23
Order model initialized
Order model initialized
Order model initialized
Order model initialized
Order model initialized
Order model initialized
Order model initialized
Order model initialized
Order model initialized
createOrder called for customer 5
Order inserted with ID 24
Order model initialized
Order model initialized
Order model initialized
Order model initialized
Order model initialized
Order model initialized
Order model initialized
Order model initialized
Order model initialized
Order model initialized
createOrder called for customer 5
Order inserted with ID 25
Order model initialized
Order model initialized
Order model initialized
Order model initialized
Order model initialized
Order model initialized
Order model initialized
Order model initialized
Order model initialized
Order model initialized
Order model initialized
createOrder called for customer 5
Order inserted with ID 26
Order model initialized
Order model initialized
Order model initialized
Order model initialized
Order model initialized
Order model initialized
Order model initialized
Order model initialized
Order model initialized
Order model initialized
Order model initialized
Order model initialized
createOrder called for customer 5
Order inserted with ID 27
Order model initialized
Order model initialized
Order model initialized
Order model initialized
Order model initialized
Order model initialized
Order model initialized
Order model initialized
Order model initialized
Order model initialized
Order model initialized
Order model initialized
Order model initialized
Order model initialized
createOrder called for customer 5
Order inserted with ID 28
Order model initialized
Order model initialized
Order model initialized
Order model initialized
Order model initialized
Order model initialized
Order model initialized
Order model initialized
Order model initialized
Order model initialized
Order model initialized
createOrder called for customer 5
Order inserted with ID 29
Order model initialized
Order model initialized
Order model initialized
Order model initialized
Order model initialized
Order model initialized
Order model initialized
Order model initialized
Order model initialized
Order model initialized
Order model initialized
createOrder called for customer 5
Order inserted with ID 30
Order model initialized
Order model initialized
Order model initialized
Order model initialized
Order model initialized
Order model initialized
Order model initialized
Order model initialized
Order model initialized
Order model initialized
Order model initialized
Order model initialized
Order model initialized
Order model initialized
Order model initialized
Order model initialized
Order model initialized
Order model initialized
Order model initialized
Order model initialized
Order model initialized
Order model initialized
Order model initialized
Order model initialized
Order model initialized
Order model initialized
Order model initialized
Order model initialized
Order model initialized
Order model initialized
Order model initialized
Order model initialized
Order model initialized
Order model initialized
Order model initialized
Order model initialized
Order model initialized
Order model initialized
Order model initialized
Order model initialized
Order model initialized
Order model initialized
Order model initialized
Order model initialized
Order model initialized
Order model initialized
Order model initialized
Order model initialized
Order model initialized
Order model initialized
Order model initialized
Order model initialized
Order model initialized
Order model initialized
Order model initialized
Order model initialized
Order model initialized
Order model initialized
Order model initialized
Order model initialized
Order model initialized
Order model initialized
Order model initialized
Order model initialized
Order model initialized
Order model initialized
Order model initialized
Order model initialized
Order model initialized
Order model initialized
Order model initialized
Order model initialized
Order model initialized
Order model initialized
Order model initialized
Order model initialized
Order model initialized
Order model initialized
Order model initialized
Order model initialized
Order model initialized
Order model initialized
Order model initialized
Order model initialized
Order model initialized
Order model initialized
Order model initialized
Order model initialized
Order model initialized
Order model initialized
Order model initialized
Order model initialized
Order model initialized
Order model initialized
Order model initialized
Order model initialized
Order model initialized
Order model initialized
Order model initialized
Order model initialized
Order model initialized
Order model initialized
Order model initialized
Order model initialized
Order model initialized
Order model initialized
Order model initialized
Order model initialized
Order model initialized
Order model initialized
Order model initialized
Order model initialized
Order model initialized
Order model initialized
Order model initialized
Order model initialized
Order model initialized
Order model initialized
Order model initialized
Order model initialized
Order model initialized
Order model initialized
Order model initialized
Order model initialized
Order model initialized
Order model initialized
Order model initialized
Order model initialized
Order model initialized
Order model initialized
Order model initialized
Order model initialized
Order model initialized
Order model initialized
Order model initialized
Order model initialized
Order model initialized
Order model initialized
Order model initialized
Order model initialized
Order model initialized
Order model initialized
Order model initialized
Order model initialized
Order model initialized
Order model initialized
Order model initialized
Order model initialized
Order model initialized
Order model initialized
Order model initialized
Order model initialized
Order model initialized
Order model initialized
Order model initialized
Order model initialized
Order model initialized
Order model initialized
Order model initialized
Order model initialized
Order model initialized
Order model initialized
Order model initialized
Order model initialized
Order model initialized
Order model initialized
Order model initialized
Order model initialized
Order model initialized
Order model initialized
Order model initialized
Order model initialized
Order model initialized
Order model initialized
Order model initialized
Order model initialized
Order model initialized
Order model initialized
Order model initialized
Order model initialized
Order model initialized
Order model initialized
Order model initialized
Order model initialized
Order model initialized
Order model initialized
Order model initialized
Order model initialized
Order model initialized
Order model initialized
Order model initialized
Order model initialized
Order model initialized
Order model initialized
Order model initialized
Order model initialized
Order model initialized
Order model initialized
Order model initialized
Order model initialized
Order model initialized
Order model initialized
Order model initialized
Order model initialized
Order model initialized
Order model initialized
Order model initialized
Order model initialized
Order model initialized
Order model initialized
Order model initialized
Order model initialized
Order model initialized
Order model initialized
Order model initialized
Order model initialized
Order model initialized
Order model initialized
Order model initialized
Order model initialized
Order model initialized
Order model initialized
Order model initialized
Order model initialized
Order model initialized
Order model initialized
Order model initialized
Order model initialized
Order model initialized
Order model initialized
Order model initialized
Order model initialized
Order model initialized
Order model initialized
Order model initialized
Order model initialized
Order model initialized
Order model initialized
Order model initialized
Order model initialized
Order model initialized
Order model initialized
Order model initialized
Order model initialized
Order model initialized
Order model initialized
Order model initialized
Order model initialized
Order model initialized
Order model initialized
Order model initialized
Order model initialized
Order model initialized
Order model initialized
Order model initialized
Order model initialized
Order model initialized
Order model initialized
Order model initialized
Order model initialized
Order model initialized
Order model initialized
Order model initialized
Order model initialized
Order model initialized
Order model initialized
Order model initialized
Order model initialized
Order model initialized
Order model initialized
Order model initialized
Order model initialized
Order model initialized
Order model initialized
Order model initialized
Order model initialized
Order model initialized
Order model initialized
Order model initialized
Order model initialized
Order model initialized
Order model initialized
Order model initialized
Order model initialized
Order model initialized
Order model initialized
Order model initialized
Order model initialized
Order model initialized
Order model initialized
Order model initialized
Order model initialized
Order model initialized
Order model initialized
Order model initialized
Order model initialized
Order model initialized
Order model initialized
Order model initialized
Order model initialized
Order model initialized
Order model initialized
Order model initialized
Order model initialized
Order model initialized
Order model initialized
Order model initialized
Order model initialized
Order model initialized
Order model initialized
Order model initialized
Order model initialized
Order model initialized
Order model initialized
Order model initialized
Order model initialized
Order model initialized
Order model initialized
Order model initialized
Order model initialized
Order model initialized
createOrder called for customer 5
Order inserted with ID 31
Order model initialized
Order model initialized
Order model initialized
Order model initialized
Order model initialized
Order model initialized
Order model initialized
Order model initialized
Order model initialized
Order model initialized
Order model initialized
Order model initialized
Order model initialized
Order model initialized
Order model initialized
createOrder called for customer 5
Order inserted with ID 32
Order model initialized
Order model initialized
Order model initialized
Order model initialized
Order model initialized
Order model initialized
Order model initialized
Order model initialized
Order model initialized
Order model initialized
Order model initialized
Order model initialized
Order model initialized
createOrder called for customer 5
Order inserted with ID 33
Order model initialized
Order model initialized
Order model initialized
Order model initialized
Order model initialized
Order model initialized
Order model initialized
Order model initialized
Order model initialized
Order model initialized
Order model initialized
Order model initialized
Order model initialized
Order model initialized
Order model initialized
Order model initialized
createOrder called for customer 5
Order inserted with ID 34
Order model initialized
Order model initialized
Order model initialized
Order model initialized
Order model initialized
Order model initialized
Order model initialized
Order model initialized
Order model initialized
Order model initialized
Order model initialized
Order model initialized
Order model initialized
Order model initialized
Order model initialized
Order model initialized
Order model initialized
Order model initialized
createOrder called for customer 5
Order inserted with ID 35
Order model initialized
Order model initialized
Order model initialized
Order model initialized
Order model initialized
Order model initialized
Order model initialized
Order model initialized
Order model initialized
Order model initialized
Order model initialized
createOrder called for customer 5
Order inserted with ID 36
Order model initialized
Order model initialized
Order model initialized
Order model initialized
Order model initialized
Order model initialized
Order model initialized
Order model initialized
Order model initialized
createOrder called for customer 5
Order inserted with ID 37
Order model initialized
Order model initialized
Order model initialized
Order model initialized
Order model initialized
Order model initialized
Order model initialized
Order model initialized
Order model initialized
Order model initialized
Order model initialized
Order model initialized
Order model initialized
Order model initialized
Order model initialized
Order model initialized
createOrder called for customer 5
Order inserted with ID 38
Order model initialized
Order model initialized
Order model initialized
Order model initialized
Order model initialized
Order model initialized
Order model initialized
Order model initialized
Order model initialized
Order model initialized
Order model initialized
Order model initialized
Order model initialized
Order model initialized
Order model initialized
Order model initialized
createOrder called for customer 5
Order inserted with ID 39
Order model initialized
Order model initialized
Order model initialized
Order model initialized
Order model initialized
Order model initialized
Order model initialized
Order model initialized
createOrder called for customer 5
Order inserted with ID 40
Order model initialized
Order model initialized
Order model initialized
Order model initialized
Order model initialized
Order model initialized
Order model initialized
Order model initialized
Order model initialized
Order model initialized
Order model initialized
Order model initialized
Order model initialized
Order model initialized
Order model initialized
Order model initialized
Order model initialized
Order model initialized
Order model initialized
Order model initialized
Order model initialized
Order model initialized
Order model initialized
Order model initialized
Order model initialized
Order model initialized
Order model initialized
Order model initialized
Order model initialized
createOrder called for customer 5
Order inserted with ID 41
Order model initialized
Order model initialized
Order model initialized
Order model initialized
Order model initialized
Order model initialized
Order model initialized
Order model initialized
Order model initialized
Order model initialized
createOrder called for customer 5
Order inserted with ID 42
Order model initialized
Order model initialized
Order model initialized
Order model initialized
Order model initialized
Order model initialized
Order model initialized
Order model initialized
Order model initialized
createOrder called for customer 5
Order inserted with ID 43
Order model initialized
Order model initialized
Order model initialized
Order model initialized
Order model initialized
Order model initialized
Order model initialized
Order model initialized
Order model initialized
Order model initialized
Order model initialized
Order model initialized
Order model initialized
Order model initialized
Order model initialized
Order model initialized
Order model initialized
Order model initialized
Order model initialized
Order model initialized
Order model initialized
Order model initialized
Order model initialized
Order model initialized
Order model initialized
Order model initialized
Order model initialized
Order model initialized
Order model initialized
Order model initialized
Order model initialized
Order model initialized
Order model initialized
Order model initialized
Order model initialized
Order model initialized
Order model initialized
Order model initialized
Order model initialized
Order model initialized
Order model initialized
Order model initialized
Order model initialized
Order model initialized
Order model initialized
Order model initialized
Order model initialized
Order model initialized
Order model initialized
Order model initialized
Order model initialized
Order model initialized
Order model initialized
Order model initialized
Order model initialized
Order model initialized
Order model initialized
Order model initialized
Order model initialized
Order model initialized
Order model initialized
Order model initialized
Order model initialized
Order model initialized
Order model initialized
Order model initialized
Order model initialized
Order model initialized
Order model initialized
Order model initialized
Order model initialized
Order model initialized
Order model initialized
Order model initialized
Order model initialized
Order model initialized
Order model initialized
Order model initialized
Order model initialized
Order model initialized
Order model initialized
Order model initialized
Order model initialized
Order model initialized
Order model initialized
Order model initialized
Order model initialized
Order model initialized
Order model initialized
Order model initialized
Order model initialized
Order model initialized
Order model initialized
Order model initialized
Order model initialized
Order model initialized
Order model initialized
Order model initialized
Order model initialized
Order model initialized
Order model initialized
Order model initialized
Order model initialized
Order model initialized
Order model initialized
Order model initialized
Order model initialized
Order model initialized
Order model initialized
Order model initialized
Order model initialized
Order model initialized
Order model initialized
Order model initialized
Order model initialized
Order model initialized
Order model initialized
Order model initialized
Order model initialized
Order model initialized
Order model initialized
Order model initialized
Order model initialized
Order model initialized
Order model initialized
Order model initialized
Order model initialized
Order model initialized
Order model initialized
Order model initialized
Order model initialized
Order model initialized
Order model initialized
Order model initialized
Order model initialized
Order model initialized
Order model initialized
Order model initialized
Order model initialized
Order model initialized
Order model initialized
Order model initialized
Order model initialized
Order model initialized
Order model initialized
Order model initialized
Order model initialized
Order model initialized
Order model initialized
Order model initialized
Order model initialized
Order model initialized
Order model initialized
Order model initialized
Order model initialized
Order model initialized
Order model initialized
Order model initialized
Order model initialized
Order model initialized
Order model initialized
Order model initialized
Order model initialized
Order model initialized
Order model initialized
Order model initialized
Order model initialized
Order model initialized
Order model initialized
Order model initialized
Order model initialized
Order model initialized
Order model initialized
Order model initialized
Order model initialized
Order model initialized
Order model initialized
Order model initialized
Order model initialized
Order model initialized
Order model initialized
Order model initialized
Order model initialized
Order model initialized
Order model initialized
Order model initialized
Order model initialized
Order model initialized
Order model initialized
Order model initialized
Order model initialized
Order model initialized
Order model initialized
Order model initialized
Order model initialized
Order model initialized
Order model initialized
Order model initialized
Order model initialized
Order model initialized
Order model initialized
Order model initialized
Order model initialized
Order model initialized
Order model initialized
Order model initialized
Order model initialized
Order model initialized
Order model initialized
Order model initialized
Order model initialized
Order model initialized
Order model initialized
Order model initialized
Order model initialized
Order model initialized
Order model initialized
Order model initialized
createOrder called for customer 5
Order inserted with ID 44
Order model initialized
Order model initialized
Order model initialized
Order model initialized
Order model initialized
Order model initialized
Order model initialized
Order model initialized
Order model initialized
Order model initialized
Order model initialized
Order model initialized
Order model initialized
Order model initialized
Order model initialized
Order model initialized
Order model initialized
Order model initialized
Order model initialized
Order model initialized
Order model initialized
Order model initialized
Order model initialized
Order model initialized
Order model initialized
Order model initialized
Order model initialized
Order model initialized
Order model initialized
Order model initialized
Order model initialized
Order model initialized
Order model initialized
Order model initialized
Order model initialized
Order model initialized
Order model initialized
Order model initialized
Order model initialized
Order model initialized
Order model initialized
Order model initialized
Order model initialized
Order model initialized
Order model initialized
Order model initialized
Order model initialized
Order model initialized
Order model initialized
Order model initialized
Order model initialized
Order model initialized
Order model initialized
Order model initialized
Order model initialized
Order model initialized
Order model initialized
Order model initialized
Order model initialized
Order model initialized
Order model initialized
Order model initialized
Order model initialized
Order model initialized
Order model initialized
Order model initialized
Order model initialized
Order model initialized
Order model initialized
Order model initialized
Order model initialized
Order model initialized
Order model initialized
Order model initialized
Order model initialized
Order model initialized
Order model initialized
Order model initialized
Order model initialized
Order model initialized
Order model initialized
Order model initialized
Order model initialized
Order model initialized
Order model initialized
Order model initialized
Order model initialized
Order model initialized
Order model initialized
Order model initialized
Order model initialized
Order model initialized
Order model initialized
Order model initialized
Order model initialized
createOrder called for customer 5
Order inserted with ID 45
Order model initialized
Order model initialized
Order model initialized
Order model initialized
Order model initialized
Order model initialized
Order model initialized
Order model initialized
Order model initialized
Order model initialized
Order model initialized
Order model initialized
createOrder called for customer 5
Order inserted with ID 46
Order model initialized
Order model initialized
Order model initialized
Order model initialized
Order model initialized
Order model initialized
Order model initialized
Order model initialized
Order model initialized
Order model initialized
Order model initialized
createOrder called for customer 5
Order inserted with ID 47
Order model initialized
Order model initialized
Order model initialized
Order model initialized
Order model initialized
Order model initialized
Order model initialized
Order model initialized
Order model initialized
Order model initialized
Order model initialized
Order model initialized
createOrder called for customer 5
Order inserted with ID 48
Order model initialized
Order model initialized
Order model initialized
Order model initialized
Order model initialized
Order model initialized
Order model initialized
Order model initialized
Order model initialized
createOrder called for customer 5
Order inserted with ID 49
Order model initialized
Order model initialized
Order model initialized
Order model initialized
Order model initialized
Order model initialized
Order model initialized
Order model initialized
Order model initialized
Order model initialized
createOrder called for customer 5
Order inserted with ID 50
Order model initialized
Order model initialized
Order model initialized
Order model initialized
Order model initialized
Order model initialized
Order model initialized
Order model initialized
Order model initialized
Order model initialized
createOrder called for customer 5
Order inserted with ID 51
Order model initialized
Order model initialized
Order model initialized
Order model initialized
Order model initialized
Order model initialized
Order model initialized
Order model initialized
Order model initialized
Order model initialized
Order model initialized
Order model initialized
Order model initialized
createOrder called for customer 5
Order inserted with ID 52
Order model initialized
Order model initialized
Order model initialized
Order model initialized
Order model initialized
Order model initialized
Order model initialized
Order model initialized
Order model initialized
createOrder called for customer 5
Order inserted with ID 53
Order model initialized
Order model initialized
Order model initialized
Order model initialized
Order model initialized
Order model initialized
Order model initialized
Order model initialized
Order model initialized
createOrder called for customer 5
Order inserted with ID 54
Order model initialized
Order model initialized
Order model initialized
Order model initialized
Order model initialized
Order model initialized
Order model initialized
Order model initialized
Order model initialized
Order model initialized
Order model initialized
Order model initialized
createOrder called for customer 5
Order inserted with ID 55
Order model initialized
Order model initialized
Order model initialized
Order model initialized
Order model initialized
Order model initialized
Order model initialized
Order model initialized
Order model initialized
createOrder called for customer 5
Order inserted with ID 56
Order model initialized
Order model initialized
Order model initialized
Order model initialized
Order model initialized
Order model initialized
Order model initialized
Order model initialized
Order model initialized
Order model initialized
Order model initialized
Order model initialized
Order model initialized
Order model initialized
Order model initialized
Order model initialized
Order model initialized
createOrder called for customer 5
Order inserted with ID 57
Order model initialized
Order model initialized
Order model initialized
Order model initialized
Order model initialized
Order model initialized
Order model initialized
Order model initialized
Order model initialized
Order model initialized
Order model initialized
Order model initialized
Order model initialized
Order model initialized
Order model initialized
Order model initialized
Order model initialized
Order model initialized
Order model initialized
Order model initialized
createOrder called for customer 5
Order inserted with ID 58
Order model initialized
Order model initialized
Order model initialized
Order model initialized
Order model initialized
Order model initialized
Order model initialized
Order model initialized
Order model initialized
Order model initialized
Order model initialized
Order model initialized
Order model initialized
Order model initialized
Order model initialized
Order model initialized
Order model initialized
Order model initialized
Order model initialized
Order model initialized
Order model initialized
Order model initialized
Order model initialized
Order model initialized
Order model initialized
Order model initialized
Order model initialized
Order model initialized
Order model initialized
Order model initialized
Order model initialized
Order model initialized
Order model initialized
Order model initialized
Order model initialized
Order model initialized
Order model initialized
Order model initialized
Order model initialized
Order model initialized
Order model initialized
Order model initialized
Order model initialized
Order model initialized
Order model initialized
Order model initialized
createOrder called for customer 5
Order inserted with ID 59
Order model initialized
Order model initialized
Order model initialized
Order model initialized
Order model initialized
Order model initialized
Order model initialized
Order model initialized
Order model initialized
Order model initialized
Order model initialized
Order model initialized
Order model initialized
Order model initialized
Order model initialized
Order model initialized
Order model initialized
Order model initialized
Order model initialized
Order model initialized
Order model initialized
Order model initialized
Order model initialized
Order model initialized
Order model initialized
Order model initialized
Order model initialized
Order model initialized
Order model initialized
Order model initialized
Order model initialized
Order model initialized
Order model initialized
Order model initialized
Order model initialized
Order model initialized
Order model initialized
Order model initialized
Order model initialized
Order model initialized
Order model initialized
Order model initialized
Order model initialized
Order model initialized
Order model initialized
Order model initialized
Order model initialized
Order model initialized
Order model initialized
Order model initialized
Order model initialized
Order model initialized
Order model initialized
Order model initialized
Order model initialized
Order model initialized
Order model initialized
Order model initialized
Order model initialized
Order model initialized
Order model initialized
Order model initialized
Order model initialized
Order model initialized
Order model initialized
Order model initialized
Order model initialized
Order model initialized
Order model initialized
Order model initialized
Order model initialized
Order model initialized
Order model initialized
Order model initialized
Order model initialized
Order model initialized
Order model initialized
Order model initialized
Order model initialized
Order model initialized
Order model initialized
Order model initialized
Order model initialized
Order model initialized
Order model initialized
Order model initialized
Order model initialized
Order model initialized
Order model initialized
Order model initialized
Order model initialized
Order model initialized
Order model initialized
Order model initialized
Order model initialized
Order model initialized
Order model initialized
Order model initialized
Order model initialized
Order model initialized
Order model initialized
Order model initialized
Order model initialized
Order model initialized
Order model initialized
Order model initialized
Order model initialized
Order model initialized
Order model initialized
Order model initialized
Order model initialized
Order model initialized
Order model initialized
Order model initialized
Order model initialized
Order model initialized
Order model initialized
Order model initialized
Order model initialized
Order model initialized
Order model initialized
Order model initialized
Order model initialized
Order model initialized
Order model initialized
createOrder called for customer 7
Order inserted with ID 60
Order model initialized
Order model initialized
Order model initialized
Order model initialized
Order model initialized
Order model initialized
Order model initialized
Order model initialized
Order model initialized
Order model initialized
Order model initialized
Order model initialized
Order model initialized
Order model initialized
Order model initialized
Order model initialized
Order model initialized
Order model initialized
Order model initialized
createOrder called for customer 7
Order inserted with ID 61
Order model initialized
Order model initialized
Order model initialized
Order model initialized
Order model initialized
Order model initialized
Order model initialized
Order model initialized
Order model initialized
Order model initialized
Order model initialized
Order model initialized
createOrder called for customer 1
Order inserted with ID 1
Order model initialized
Order model initialized
Order model initialized
Order model initialized
Order model initialized
Order model initialized
Order model initialized
Order model initialized
Order model initialized
Order model initialized
Order model initialized
Order model initialized
Order model initialized
Order model initialized
Order model initialized
Order model initialized
Order model initialized
Order model initialized
Order model initialized
Order model initialized
Order model initialized
Order model initialized
Order model initialized
Order model initialized
Order model initialized
Order model initialized
Order model initialized
