<?php include __DIR__ . '/layout/header.php'; ?>

<?php if (!empty($items)): ?>
    <div class="table-responsive my-4">
        <table class="table table-striped table-hover align-middle text-center shadow-sm rounded-4 overflow-hidden">
            <thead class="table-dark">
            <tr>
                <th>Product</th>
                <th>Quantity</th>
                <th>Price</th>
                <th>Total</th>
                <th>Actions</th>
            </tr>
            </thead>
            <tbody>
            <?php
            $subtotal = 0;
            foreach ($items as $item):
                $line = $item['price'] * $item['quantity'];
                $subtotal += $line;
                ?>
                <tr>
                    <td class="text-start fw-semibold"><?= htmlspecialchars($item['name']) ?></td>
                    <td>
                        <div class="input-group input-group-sm mx-auto" style="width: 120px;">
                            <button class="btn btn-outline-secondary decrement-btn" type="button">-</button>
                            <input type="number" class="form-control text-center quantity-input"
                                   data-product-id="<?= $item['product_id'] ?>"
                                   value="<?= $item['quantity'] ?>" min="1" max="<?= $item['stock'] ?>">
                            <button class="btn btn-outline-secondary increment-btn" type="button">+</button>
                        </div>
                    </td>
                    <td class="fw-bold text-muted">&#2547;<?= number_format($item['price'], 2) ?></td>
                    <td class="fw-bold text-success">&#2547;<?= number_format($line, 2) ?></td>
                    <td>
                        <div class="d-flex justify-content-center gap-2">
                            <button
                                class="btn btn-outline-primary btn-sm update-item-btn rounded-pill px-3 shadow-sm"
                                data-product-id="<?= $item['product_id'] ?>"
                                data-product-url="<?= url('/cart/update-quantity') ?>"
                            >
                                <i class="bi bi-arrow-repeat me-1"></i> Update
                            </button>

                            <button
                                class="btn btn-outline-danger btn-sm remove-item-btn rounded-pill px-3 shadow-sm"
                                data-product-id="<?= $item['product_id'] ?>"
                                data-product-url="<?= url('/cart/remove-item') ?>"
                            >
                                <i class="bi bi-trash me-1"></i> Remove
                            </button>
                        </div>
                    </td>
                </tr>
            <?php endforeach; ?>
            </tbody>
        </table>
    </div>

    <!-- Subtotal Card -->
    <div class="card border-0 shadow-sm rounded-4 mt-4">
        <div class="card-body d-flex justify-content-between align-items-center">
            <h4 class="fw-bold mb-0 text-dark">
                Subtotal: <span class="text-success">&#2547;<span id="subtotal"><?= number_format($subtotal, 2) ?></span></span>
            </h4>
            <a href="<?= url('/checkout') ?>" class="btn btn-success btn-lg px-5 rounded-pill shadow-sm">
                <i class="bi bi-bag-check me-2"></i> Proceed to Checkout
            </a>
        </div>
    </div>

<?php else: ?>
    <!-- Empty Cart State -->
    <div class="d-flex justify-content-center align-items-center my-5 empty-cart">
        <div class="card shadow-sm border-0 rounded-4 text-center p-5" style="max-width: 500px;">
            <div class="card-body">
                <i class="bi bi-cart-x text-danger fs-1 mb-3"></i>
                <h5 class="card-title text-muted mb-3">🛒 Your cart is empty</h5>
                <p class="text-secondary">Looks like you haven’t added anything yet.</p>

                <div class="d-flex justify-content-center gap-3 mt-4">
                    <a href="<?= url('/')?>" class="btn btn-success px-4 py-2 rounded-pill shadow-sm">
                        <i class="bi bi-shop me-1"></i> Continue Shopping
                    </a>
                    <a href="<?= url('/profile')?>" class="btn btn-outline-primary px-4 py-2 rounded-pill shadow-sm">
                        <i class="bi bi-box-seam me-1"></i> Check Orders
                    </a>
                </div>
            </div>
        </div>
    </div>
<?php endif; ?>

<script src="<?= url('/js/cartActions.js') ?>"></script>

<style>
    .empty-cart {
        animation: fadeIn 0.5s ease-in-out;
    }
    @keyframes fadeIn {
        from {opacity: 0; transform: translateY(20px);}
        to {opacity: 1; transform: translateY(0);}
    }
</style>

<?php include __DIR__ . '/layout/footer.php'; ?>
///////////////////////

<?php include __DIR__ . '/layout/header.php'; ?>

<?php if (!empty($items)): ?>
    <!-- Cart Table -->
    <div class="table-responsive my-4">
        <table class="table table-bordered table-striped align-middle text-center shadow-sm">
            <thead class="table-success">
            <tr>
                <th class="text-start">Product</th>
                <th>Quantity</th>
                <th>Price</th>
                <th>Total</th>
                <th>Actions</th>
            </tr>
            </thead>
            <tbody class="bg-white">
            <?php
            $subtotal = 0;
            foreach ($items as $item):
                $line = $item['price'] * $item['quantity'];
                $subtotal += $line;
                ?>
                <tr>
                    <!-- Product Name -->
                    <td class="text-start fw-semibold"><?= htmlspecialchars($item['name']) ?></td>

                    <!-- Quantity -->
                    <td>
                        <div class="input-group input-group-sm mx-auto" style="width: 120px;">
                            <button class="btn btn-outline-secondary decrement-btn" type="button">-</button>
                            <input type="number"
                                   class="form-control text-center quantity-input"
                                   data-product-id="<?= $item['product_id'] ?>"
                                   value="<?= $item['quantity'] ?>"
                                   min="1" max="<?= $item['stock'] ?>">
                            <button class="btn btn-outline-secondary increment-btn" type="button">+</button>
                        </div>
                    </td>

                    <!-- Price -->
                    <td class="fw-semibold text-muted">&#2547;<?= number_format($item['price'], 2) ?></td>

                    <!-- Total -->
                    <td class="fw-bold text-success">&#2547;<?= number_format($line, 2) ?></td>

                    <!-- Actions -->
                    <td>
                        <div class="d-flex justify-content-center gap-2">
                            <button
                                    class="btn btn-outline-primary btn-sm update-item-btn"
                                    data-product-id="<?= $item['product_id'] ?>"
                                    data-product-url="<?= url('/cart/update-quantity') ?>"
                            >
                                <i class="bi bi-arrow-repeat me-1"></i> Update
                            </button>
                            <button
                                    class="btn btn-outline-danger btn-sm remove-item-btn"
                                    data-product-id="<?= $item['product_id'] ?>"
                                    data-product-url="<?= url('/cart/remove-item') ?>"
                            >
                                <i class="bi bi-trash me-1"></i> Remove
                            </button>
                        </div>
                    </td>
                </tr>
            <?php endforeach; ?>
            </tbody>
        </table>
    </div>

    <!-- Subtotal Section -->
    <div class="card border-0 shadow-sm rounded-4 mt-4">
        <div class="card-body d-flex flex-wrap justify-content-between align-items-center gap-3">
            <h4 class="fw-bold mb-0 text-dark">
                Subtotal:
                <span class="text-success">&#2547;<span id="subtotal"><?= number_format($subtotal, 2) ?></span></span>
            </h4>
            <a href="<?= url('/checkout') ?>" class="btn btn-success btn-lg px-4 rounded-pill shadow-sm">
                <i class="bi bi-bag-check me-2"></i> Proceed to Checkout
            </a>
        </div>
    </div>

<?php else: ?>
    <!-- Empty Cart State -->
    <div class="d-flex justify-content-center align-items-center my-5 empty-cart">
        <div class="card shadow-sm border-0 rounded-4 text-center p-5" style="max-width: 500px;">
            <div class="card-body">
                <i class="bi bi-cart-x text-danger fs-1 mb-3"></i>
                <h5 class="card-title text-dark fw-bold mb-3">Your Cart is Empty</h5>
                <p class="text-secondary">Looks like you haven’t added anything yet. Start shopping now!</p>

                <div class="d-flex flex-wrap justify-content-center gap-3 mt-4">
                    <a href="<?= url('/')?>" class="btn btn-success px-4 py-2 rounded-pill shadow-sm">
                        <i class="bi bi-shop me-1"></i> Continue Shopping
                    </a>
                    <a href="<?= url('/profile')?>" class="btn btn-outline-primary px-4 py-2 rounded-pill shadow-sm">
                        <i class="bi bi-box-seam me-1"></i> View Orders
                    </a>
                </div>
            </div>
        </div>
    </div>
<?php endif; ?>

<script src="<?= url('/js/cartActions.js') ?>"></script>

<style>
    .empty-cart {
        animation: fadeIn 0.5s ease-in-out;
    }
    @keyframes fadeIn {
        from {opacity: 0; transform: translateY(20px);}
        to {opacity: 1; transform: translateY(0);}
    }
</style>

<?php include __DIR__ . '/layout/footer.php'; ?>
============================
    <!-- Subtotal & Checkout -->
    <div class="d-flex justify-content-center mt-4">
        <div class="card border-0 shadow-sm rounded-4" style="max-width: 500px; width: 100%;">
            <div class="card-body d-flex flex-column flex-md-row justify-content-between align-items-center gap-3">
                <h5 class="fw-bold mb-0 text-dark">
                    Subtotal:
                    <span class="text-success">&#2547;<span id="subtotal"><?= number_format($subtotal, 2) ?></span></span>
                </h5>
                <a href="<?= url('/checkout') ?>" class="btn checkout-btn">
                    <i class="bi bi-bag-check-fill me-2"></i> Checkout
                </a>
            </div>
        </div>
    </div>
    <style>
        .checkout-btn {
            background: linear-gradient(135deg, #28a745, #218838);
            color: #fff;
            font-weight: 600;
            padding: 10px 24px;
            border-radius: 50px;
            transition: all 0.3s ease;
            box-shadow: 0 4px 10px rgba(40, 167, 69, 0.3);
        }
        .checkout-btn:hover {
            background: linear-gradient(135deg, #218838, #1e7e34);
            transform: translateY(-2px);
            box-shadow: 0 6px 14px rgba(40, 167, 69, 0.4);
        }
    </style>OrderController initialized
OrderController initialized
OrderController initialized
OrderController initialized
OrderController initialized
OrderController initialized
OrderController initialized
OrderController initialized
OrderController initialized
OrderController initialized
OrderController initialized
OrderController initialized
OrderController initialized
OrderController initialized
OrderController initialized
OrderController initialized
OrderController initialized
OrderController initialized
OrderController initialized
OrderController initialized
OrderController initialized
OrderController initialized
OrderController initialized
OrderController initialized
OrderController initialized
OrderController initialized
OrderController initialized
OrderController initialized
OrderController initialized
OrderController initialized
